SF:lib\application\auth\app_auth_bloc.dart
DA:16,2
DA:17,1
DA:18,1
DA:19,2
DA:20,3
DA:21,1
DA:22,1
DA:23,1
DA:24,1
DA:25,1
DA:26,3
DA:27,1
LF:12
LH:12
end_of_record
SF:lib\domain\core\value_objects.dart
DA:10,8
DA:13,3
DA:15,8
DA:20,1
DA:21,2
DA:22,2
DA:23,2
DA:27,6
DA:29,3
DA:32,12
DA:35,1
DA:36,2
DA:38,3
DA:39,6
DA:47,1
DA:48,1
DA:49,2
DA:54,2
DA:55,2
DA:56,2
DA:60,3
LF:21
LH:21
end_of_record
SF:lib\domain\auth\value_object.dart
DA:10,3
DA:11,6
DA:13,3
DA:16,3
DA:23,3
DA:24,6
DA:26,3
DA:29,3
LF:8
LH:8
end_of_record
SF:lib\domain\core\value_validators.dart
DA:7,4
DA:8,8
DA:9,4
DA:11,6
DA:15,4
DA:16,8
DA:17,4
DA:19,6
DA:23,4
DA:24,4
DA:25,6
DA:26,4
DA:27,4
DA:29,4
DA:33,3
DA:34,3
DA:35,4
DA:36,3
DA:37,2
DA:39,3
DA:43,3
DA:44,3
DA:45,3
DA:47,4
DA:51,3
DA:52,3
DA:53,3
DA:55,4
DA:59,3
DA:60,3
DA:61,3
DA:63,4
DA:69,4
DA:70,4
DA:71,4
DA:72,8
DA:73,4
DA:75,6
LF:38
LH:38
end_of_record
SF:lib\domain\core\enums.dart
DA:3,16
DA:5,16
DA:7,16
DA:52,4
DA:53,12
DA:58,4
DA:62,8
DA:63,16
LF:8
LH:8
end_of_record
SF:lib\domain\core\errors.dart
DA:7,1
DA:9,0
DA:11,0
DA:13,0
LF:4
LH:1
end_of_record
SF:lib\application\auth\sign_in_form\sign_in_form_state.dart
DA:13,2
DA:14,1
DA:15,1
DA:18,1
LF:4
LH:4
end_of_record
SF:lib\application\auth\sign_in_form\sign_in_form_bloc.dart
DA:21,3
DA:22,1
DA:23,1
DA:24,1
DA:25,1
DA:26,1
DA:27,1
DA:28,1
DA:29,1
DA:34,1
DA:36,4
DA:37,2
DA:38,1
DA:42,1
DA:44,4
DA:45,2
DA:46,1
DA:50,1
DA:51,1
DA:52,2
DA:55,1
DA:56,1
DA:57,2
DA:60,1
DA:62,4
DA:64,1
DA:66,3
DA:68,4
DA:70,1
DA:73,1
DA:83,3
DA:84,3
DA:88,4
DA:90,1
DA:93,2
DA:94,2
DA:95,2
DA:100,1
DA:106,4
DA:109,1
LF:40
LH:40
end_of_record
SF:lib\domain\core\value_converters.dart
DA:6,1
DA:7,1
DA:10,2
DA:12,1
DA:16,3
DA:18,3
DA:21,2
DA:23,3
DA:27,0
DA:28,0
DA:29,0
DA:32,3
DA:34,3
DA:37,3
DA:39,2
DA:43,0
DA:44,0
DA:45,0
DA:48,3
DA:50,3
DA:53,3
DA:55,2
DA:59,0
DA:60,0
DA:61,0
DA:64,4
DA:65,4
DA:66,4
DA:69,0
DA:71,4
DA:74,3
DA:76,3
LF:32
LH:22
end_of_record
SF:lib\domain\transaction\transaction.dart
DA:12,2
DA:27,1
DA:28,1
DA:29,1
DA:30,1
DA:31,1
DA:32,1
DA:33,1
DA:34,1
DA:35,1
DA:36,1
DA:37,1
DA:38,1
DA:40,1
DA:41,2
DA:42,3
DA:43,3
DA:44,3
DA:45,3
DA:46,3
DA:47,3
DA:48,3
DA:49,3
DA:50,5
LF:24
LH:24
end_of_record
SF:lib\domain\transaction\value_object.dart
DA:12,3
DA:13,6
DA:14,3
DA:17,3
DA:24,3
DA:25,6
DA:26,3
DA:29,3
DA:36,2
DA:37,4
DA:38,2
DA:41,3
DA:42,6
DA:43,3
DA:46,3
DA:53,2
DA:54,4
DA:55,2
DA:58,3
DA:59,6
DA:60,3
DA:63,3
DA:70,2
DA:71,4
DA:72,2
DA:75,3
DA:76,6
DA:77,3
DA:80,3
DA:87,3
DA:88,6
DA:89,3
DA:92,3
DA:93,6
DA:94,3
DA:97,3
LF:36
LH:36
end_of_record
SF:lib\infrastructure\auth\firebase_auth_facade.dart
DA:20,1
DA:23,0
DA:24,0
DA:25,0
DA:29,1
DA:33,1
DA:34,1
DA:37,2
DA:40,1
DA:41,0
DA:52,1
DA:56,1
DA:57,1
DA:60,2
DA:63,1
DA:64,0
DA:65,0
DA:66,0
DA:77,1
DA:79,2
DA:85,0
DA:87,0
DA:88,0
DA:90,0
DA:93,1
DA:101,0
DA:102,0
DA:103,0
LF:28
LH:14
end_of_record
SF:lib\infrastructure\auth\firebase_user_mapper.dart
DA:8,0
DA:11,0
DA:12,0
LF:3
LH:0
end_of_record
SF:lib\infrastructure\transaction\transaction_dtos.dart
DA:12,1
DA:27,1
DA:28,1
DA:29,2
DA:30,3
DA:31,3
DA:32,3
DA:33,3
DA:34,3
DA:35,2
DA:36,2
DA:37,2
DA:38,2
DA:41,1
DA:42,1
DA:43,2
DA:44,2
DA:45,2
DA:46,2
DA:47,2
DA:48,2
DA:49,2
DA:50,2
DA:51,2
DA:52,2
LF:25
LH:25
end_of_record
